<?xml version="1.0" encoding="UTF-8"?>
<testsuite name="Tests" tests="4" skipped="0" failures="0" errors="0" timestamp="2022-10-09T19:10:11" hostname="MacBook-Air-Maksim.local" time="0.275">
  <properties/>
  <testcase name="test1()" classname="Tests" time="0.052"/>
  <testcase name="test2()" classname="Tests" time="0.027"/>
  <testcase name="random_dfa()" classname="Tests" time="0.193"/>
  <testcase name="optimal two vertexes()" classname="Tests" time="0.002"/>
  <system-out><![CDATA[]]></system-out>
  <system-err><![CDATA[]]></system-err>
</testsuite>
